<?xml version="1.0" encoding="UTF-8"?>
<!-- Generated by org.testng.reporters.JUnitXMLReporter -->
<testsuite ignored="0" hostname="DESKTOP-07935JK" failures="0" tests="5" name="Default test" time="4.238" errors="0" timestamp="2024-08-11T16:58:31 IST">
  <testcase classname="restAssuredDemo.Rest" name="DeleteMethod" time="2.173"/>
  <testcase classname="restAssuredDemo.Rest" name="GetJsonArrayData" time="0.939"/>
  <testcase classname="restAssuredDemo.Rest" name="PostMethod" time="0.512"/>
  <testcase classname="restAssuredDemo.Rest" name="PutMethod" time="0.421"/>
  <testcase classname="restAssuredDemo.Rest" name="restCheck" time="0.115"/>
</testsuite> <!-- Default test -->
