<?xml version="1.0" encoding="UTF-8"?>
<!-- Generated by org.testng.reporters.JUnitXMLReporter -->
<testsuite ignored="0" hostname="DESKTOP-07935JK" failures="1" tests="12" name="Test" time="15.105" errors="0" timestamp="2024-08-31T17:17:50 IST">
  <testcase classname="testNG.ListenerTestCaseClass" name="passMethod" time="6.099"/>
  <testcase classname="testNG.ListenerTestCaseClass" name="failMethod" time="0.07">
    <failure type="java.lang.AssertionError" message="The element text is not matching expected [Detect again] but found [Detect Again]">
      <![CDATA[java.lang.AssertionError: The element text is not matching expected [Detect again] but found [Detect Again]
at testNG.ListenerTestCaseClass.failMethod(ListenerTestCaseClass.java:90)
at java.base/java.util.ArrayList.forEach(ArrayList.java:1511)
... Removed 32 stack frames]]>
    </failure>
  </testcase> <!-- failMethod -->
  <testcase classname="testNG.ListenerTestCaseClass" name="skipMethod" time="0.0">
    <skipped/>
  </testcase> <!-- skipMethod -->
  <testcase classname="testNG.TestNgAnnotations" name="dataProviderTest" time="0.007"/>
  <testcase classname="testNG.TestNgAnnotations" name="dataProviderTest" time="0.0"/>
  <testcase classname="testNG.TestNgAnnotations" name="dependsOnMethods" time="0.008"/>
  <testcase classname="testNG.TestNgAnnotations" name="invocationCount" time="0.0"/>
  <testcase classname="testNG.TestNgAnnotations" name="invocationCount" time="0.0"/>
  <testcase classname="testNG.TestNgAnnotations" name="invocationCount" time="0.0"/>
  <testcase classname="testNG.TestNgAnnotations" name="parameters" time="0.007"/>
  <testcase classname="testNG.TestNgAnnotations" name="parametersOptional" time="0.0"/>
  <testcase classname="testNG.TestNgAnnotations" name="enabled" time="0.001"/>
</testsuite> <!-- Test -->
