<?xml version="1.0" encoding="UTF-8"?>
<!-- Generated by org.testng.reporters.JUnitXMLReporter -->
<testsuite ignored="0" hostname="DESKTOP-07935JK" failures="0" tests="10" name="Test" time="10.498" errors="0" timestamp="2024-08-17T17:18:57 IST">
  <testcase classname="restAssured.RestAssured" name="testing" time="0.003"/>
  <testcase classname="restAssuredDemo.Rest" name="restCheck" time="2.384"/>
  <testcase classname="restAssuredDemo.Rest" name="GetJsonArrayData" time="0.375"/>
  <testcase classname="restAssuredDemo.Rest" name="PostMethod" time="0.629"/>
  <testcase classname="restAssuredDemo.Rest" name="DeleteMethod" time="0.631"/>
  <testcase classname="restAssuredDemo.Rest" name="PutMethod" time="0.663"/>
  <testcase classname="restAssured.RestAuthentication" name="restBasicAuthentication" time="2.24"/>
  <testcase classname="restAssured.RestAuthentication" name="bearerTokenAuth" time="0.682"/>
  <testcase classname="restAssured.RestAuthentication" name="OAuth2" time="0.654"/>
  <testcase classname="restAssured.RestAuthentication" name="restBasicAuthenticationWithGivenWhen" time="2.168"/>
</testsuite> <!-- Test -->
