<?xml version="1.0" encoding="UTF-8"?>
<testng-results ignored="0" total="6" passed="6" failed="0" skipped="0">
  <reporter-output>
  </reporter-output>
  <suite started-at="2024-08-11T17:02:27 IST" name="Suite" finished-at="2024-08-11T17:02:33 IST" duration-ms="5424">
    <groups>
    </groups>
    <test started-at="2024-08-11T17:02:27 IST" name="Test" finished-at="2024-08-11T17:02:33 IST" duration-ms="5424">
      <class name="restAssured.RestAssured">
        <test-method signature="testing()[pri:0, instance:restAssured.RestAssured@47542153]" started-at="2024-08-11T17:02:27 IST" name="testing" finished-at="2024-08-11T17:02:27 IST" duration-ms="0" status="PASS">
          <reporter-output>
          </reporter-output>
        </test-method> <!-- testing -->
      </class> <!-- restAssured.RestAssured -->
      <class name="restAssuredDemo.Rest">
        <test-method signature="DeleteMethod()[pri:0, instance:restAssuredDemo.Rest@45b9a632]" started-at="2024-08-11T17:02:27 IST" name="DeleteMethod" finished-at="2024-08-11T17:02:30 IST" duration-ms="2423" status="PASS">
          <reporter-output>
          </reporter-output>
        </test-method> <!-- DeleteMethod -->
        <test-method signature="GetJsonArrayData()[pri:0, instance:restAssuredDemo.Rest@45b9a632]" started-at="2024-08-11T17:02:30 IST" name="GetJsonArrayData" finished-at="2024-08-11T17:02:31 IST" duration-ms="1650" status="PASS">
          <reporter-output>
          </reporter-output>
        </test-method> <!-- GetJsonArrayData -->
        <test-method signature="PostMethod()[pri:0, instance:restAssuredDemo.Rest@45b9a632]" started-at="2024-08-11T17:02:31 IST" name="PostMethod" finished-at="2024-08-11T17:02:32 IST" duration-ms="444" status="PASS">
          <reporter-output>
          </reporter-output>
        </test-method> <!-- PostMethod -->
        <test-method signature="PutMethod()[pri:0, instance:restAssuredDemo.Rest@45b9a632]" started-at="2024-08-11T17:02:32 IST" name="PutMethod" finished-at="2024-08-11T17:02:32 IST" duration-ms="675" status="PASS">
          <reporter-output>
          </reporter-output>
        </test-method> <!-- PutMethod -->
        <test-method signature="restCheck()[pri:0, instance:restAssuredDemo.Rest@45b9a632]" started-at="2024-08-11T17:02:32 IST" name="restCheck" finished-at="2024-08-11T17:02:33 IST" duration-ms="161" status="PASS">
          <reporter-output>
          </reporter-output>
        </test-method> <!-- restCheck -->
      </class> <!-- restAssuredDemo.Rest -->
    </test> <!-- Test -->
  </suite> <!-- Suite -->
</testng-results>
