<?xml version="1.0" encoding="UTF-8"?>
<testsuite xmlns:xsi="http://www.w3.org/2001/XMLSchema-instance" xsi:noNamespaceSchemaLocation="https://maven.apache.org/surefire/maven-surefire-plugin/xsd/surefire-test-report.xsd" name="TestSuite" time="8.701" tests="19" errors="0" skipped="0" failures="2">
  <properties>
[...]
</properties>
  <testcase name="testing" classname="restAssured.RestAssured" time="0"/>
  <testcase name="restCheck" classname="restAssuredDemo.Rest" time="2.066"/>
  <testcase name="GetJsonArrayData" classname="restAssuredDemo.Rest" time="0.188"/>
  <testcase name="PostMethod" classname="restAssuredDemo.Rest" time="0.499"/>
  <testcase name="DeleteMethod" classname="restAssuredDemo.Rest" time="0.363"/>
  <testcase name="PutMethod" classname="restAssuredDemo.Rest" time="0.406"/>
  <testcase name="restBasicAuthentication" classname="restAssured.RestAuthentication" time="1.979"/>
  <testcase name="bearerTokenAuth" classname="restAssured.RestAuthentication" time="0.427">
    <failure message="Request failed expected [401] but found [200]" type="java.lang.AssertionError">java.lang.AssertionError: Request failed expected [401] but found [200]
	at restAssured.RestAuthentication.bearerTokenAuth(RestAuthentication.java:55)
</failure>
  </testcase>
  <testcase name="OAuth2" classname="restAssured.RestAuthentication" time="0.323">
    <failure message="Request failed expected [401] but found [200]" type="java.lang.AssertionError">java.lang.AssertionError: Request failed expected [401] but found [200]
	at restAssured.RestAuthentication.OAuth2(RestAuthentication.java:85)
</failure>
  </testcase>
  <testcase name="restBasicAuthenticationWithGivenWhen" classname="restAssured.RestAuthentication" time="1.699"/>
  <testcase name="dataProviderTest" classname="testNG.TestNgAnnotations" time="0"/>
  <testcase name="dataProviderTest" classname="testNG.TestNgAnnotations" time="0"/>
  <testcase name="dependsOnMethods" classname="testNG.TestNgAnnotations" time="0"/>
  <testcase name="invocationCount" classname="testNG.TestNgAnnotations" time="0"/>
  <testcase name="invocationCount" classname="testNG.TestNgAnnotations" time="0"/>
  <testcase name="invocationCount" classname="testNG.TestNgAnnotations" time="0"/>
  <testcase name="parameters" classname="testNG.TestNgAnnotations" time="0"/>
  <testcase name="parametersOptional" classname="testNG.TestNgAnnotations" time="0"/>
  <testcase name="enabled" classname="testNG.TestNgAnnotations" time="0"/>
</testsuite>