<?xml version="1.0" encoding="UTF-8"?>
<testng-results ignored="0" total="10" passed="10" failed="0" skipped="0">
  <reporter-output>
  </reporter-output>
  <suite started-at="2024-08-17T17:18:46 IST" name="Suite" finished-at="2024-08-17T17:18:56 IST" duration-ms="10498">
    <groups>
    </groups>
    <test started-at="2024-08-17T17:18:46 IST" name="Test" finished-at="2024-08-17T17:18:56 IST" duration-ms="10498">
      <class name="restAssured.RestAssured">
        <test-method signature="testing()[pri:0, instance:restAssured.RestAssured@163e4e87]" started-at="2024-08-17T17:18:46 IST" name="testing" finished-at="2024-08-17T17:18:46 IST" duration-ms="3" status="PASS">
          <reporter-output>
          </reporter-output>
        </test-method> <!-- testing -->
      </class> <!-- restAssured.RestAssured -->
      <class name="restAssuredDemo.Rest">
        <test-method signature="restCheck()[pri:0, instance:restAssuredDemo.Rest@6193932a]" started-at="2024-08-17T17:18:46 IST" name="restCheck" finished-at="2024-08-17T17:18:48 IST" duration-ms="2384" status="PASS">
          <reporter-output>
          </reporter-output>
        </test-method> <!-- restCheck -->
        <test-method signature="GetJsonArrayData()[pri:1, instance:restAssuredDemo.Rest@6193932a]" started-at="2024-08-17T17:18:48 IST" name="GetJsonArrayData" finished-at="2024-08-17T17:18:49 IST" duration-ms="375" status="PASS">
          <reporter-output>
          </reporter-output>
        </test-method> <!-- GetJsonArrayData -->
        <test-method signature="PostMethod()[pri:2, instance:restAssuredDemo.Rest@6193932a]" started-at="2024-08-17T17:18:49 IST" name="PostMethod" finished-at="2024-08-17T17:18:49 IST" duration-ms="629" status="PASS">
          <reporter-output>
          </reporter-output>
        </test-method> <!-- PostMethod -->
        <test-method signature="DeleteMethod()[pri:3, instance:restAssuredDemo.Rest@6193932a]" started-at="2024-08-17T17:18:49 IST" name="DeleteMethod" finished-at="2024-08-17T17:18:50 IST" duration-ms="631" status="PASS">
          <reporter-output>
          </reporter-output>
        </test-method> <!-- DeleteMethod -->
        <test-method signature="PutMethod()[pri:4, instance:restAssuredDemo.Rest@6193932a]" started-at="2024-08-17T17:18:50 IST" name="PutMethod" finished-at="2024-08-17T17:18:51 IST" duration-ms="663" status="PASS">
          <reporter-output>
          </reporter-output>
        </test-method> <!-- PutMethod -->
      </class> <!-- restAssuredDemo.Rest -->
      <class name="restAssured.RestAuthentication">
        <test-method signature="restBasicAuthentication()[pri:0, instance:restAssured.RestAuthentication@647fd8ce]" started-at="2024-08-17T17:18:51 IST" name="restBasicAuthentication" finished-at="2024-08-17T17:18:53 IST" duration-ms="2240" status="PASS">
          <reporter-output>
          </reporter-output>
        </test-method> <!-- restBasicAuthentication -->
        <test-method signature="bearerTokenAuth()[pri:2, instance:restAssured.RestAuthentication@647fd8ce]" started-at="2024-08-17T17:18:53 IST" name="bearerTokenAuth" finished-at="2024-08-17T17:18:54 IST" duration-ms="682" status="PASS">
          <reporter-output>
          </reporter-output>
        </test-method> <!-- bearerTokenAuth -->
        <test-method signature="OAuth2()[pri:3, instance:restAssured.RestAuthentication@647fd8ce]" started-at="2024-08-17T17:18:54 IST" name="OAuth2" finished-at="2024-08-17T17:18:54 IST" duration-ms="654" status="PASS">
          <reporter-output>
          </reporter-output>
        </test-method> <!-- OAuth2 -->
        <test-method signature="restBasicAuthenticationWithGivenWhen()[pri:4, instance:restAssured.RestAuthentication@647fd8ce]" started-at="2024-08-17T17:18:54 IST" name="restBasicAuthenticationWithGivenWhen" finished-at="2024-08-17T17:18:56 IST" duration-ms="2168" status="PASS">
          <reporter-output>
          </reporter-output>
        </test-method> <!-- restBasicAuthenticationWithGivenWhen -->
      </class> <!-- restAssured.RestAuthentication -->
    </test> <!-- Test -->
  </suite> <!-- Suite -->
</testng-results>
