<?xml version="1.0" encoding="UTF-8"?>
<testsuite xmlns:xsi="http://www.w3.org/2001/XMLSchema-instance" xsi:noNamespaceSchemaLocation="https://maven.apache.org/surefire/maven-surefire-plugin/xsd/surefire-test-report.xsd" name="TestSuite" time="6.297" tests="6" errors="0" skipped="0" failures="0">
  <properties>
[...]
</properties>
  <testcase name="testing" classname="restAssured.RestAssured" time="0"/>
  <testcase name="DeleteMethod" classname="restAssuredDemo.Rest" time="2.423"/>
  <testcase name="GetJsonArrayData" classname="restAssuredDemo.Rest" time="1.651"/>
  <testcase name="PostMethod" classname="restAssuredDemo.Rest" time="0.447"/>
  <testcase name="PutMethod" classname="restAssuredDemo.Rest" time="0.678"/>
  <testcase name="restCheck" classname="restAssuredDemo.Rest" time="0.158"/>
</testsuite>