<?xml version="1.0" encoding="UTF-8"?>
<!-- Generated by org.testng.reporters.JUnitReportReporter -->
<testsuite hostname="DESKTOP-07935JK" failures="0" tests="2" name="javaCoding.AppleCodingQuestion" time="0.014" errors="0" timestamp="2025-11-20T21:22:29 IST" skipped="0">
  <testcase classname="javaCoding.AppleCodingQuestion" name="rebuildMessage" time="0.002"/>
  <testcase classname="javaCoding.AppleCodingQuestion" name="factorizeExtremities" time="0.012"/>
</testsuite> <!-- javaCoding.AppleCodingQuestion -->
