<?xml version="1.0" encoding="UTF-8"?>
<!-- Generated by org.testng.reporters.JUnitReportReporter -->
<testsuite hostname="DESKTOP-07935JK" failures="0" tests="2" name="javaCoding.RotateArrayByKthElement" time="0.019" errors="0" timestamp="2025-11-11T19:53:01 IST" skipped="0">
  <testcase classname="javaCoding.RotateArrayByKthElement" name="rotateArrayByKthElementLeftShift" time="0.001"/>
  <testcase classname="javaCoding.RotateArrayByKthElement" name="rotateArrayByKthElement" time="0.018"/>
</testsuite> <!-- javaCoding.RotateArrayByKthElement -->
