<?xml version="1.0" encoding="UTF-8"?>
<!-- Generated by org.testng.reporters.JUnitReportReporter -->
<testsuite hostname="DESKTOP-07935JK" failures="0" tests="3" name="javaCoding.MoveZeroesOfArrays" time="0.024" errors="0" timestamp="2025-11-12T20:42:29 IST" skipped="0">
  <testcase classname="javaCoding.MoveZeroesOfArrays" name="moveZeroesOfArrays" time="0.002"/>
  <testcase classname="javaCoding.MoveZeroesOfArrays" name="moveZeroesInPlaceOptimalApproach" time="0.002"/>
  <testcase classname="javaCoding.MoveZeroesOfArrays" name="moveZeroesBySwappingTwoPointerApproach" time="0.020"/>
</testsuite> <!-- javaCoding.MoveZeroesOfArrays -->
