<?xml version="1.0" encoding="UTF-8"?>
<!-- Generated by org.testng.reporters.JUnitReportReporter -->
<testsuite hostname="DESKTOP-07935JK" failures="0" tests="2" name="javaCoding.sumOfTwoIndicesInArray" time="0.012" errors="0" timestamp="2025-11-03T07:19:21 IST" skipped="0">
  <testcase classname="javaCoding.sumOfTwoIndicesInArray" name="sumOfTwoNumbersInArrayToGetTarget" time="0.002"/>
  <testcase classname="javaCoding.sumOfTwoIndicesInArray" name="sumOfTwoIndicesInArrayToGetTarget" time="0.010"/>
</testsuite> <!-- javaCoding.sumOfTwoIndicesInArray -->
