<?xml version="1.0" encoding="UTF-8"?>
<!-- Generated by org.testng.reporters.JUnitReportReporter -->
<testsuite hostname="DESKTOP-07935JK" failures="0" tests="3" name="javaCoding.LongestUniqueSubstring" time="0.013" errors="0" timestamp="2025-11-01T18:10:59 IST" skipped="0">
  <testcase classname="javaCoding.LongestUniqueSubstring" name="longestUniqueSubstringForLoop" time="0.002"/>
  <testcase classname="javaCoding.LongestUniqueSubstring" name="longestUniqueSubstring" time="0.009"/>
  <testcase classname="javaCoding.LongestUniqueSubstring" name="optimalApproachUsingMaps" time="0.002"/>
</testsuite> <!-- javaCoding.LongestUniqueSubstring -->
